TN:
SF:src/popup.ts
FN:1,(anonymous_0)
FNF:1
FNH:0
FNDA:0,(anonymous_0)
DA:1,0
DA:3,0
LF:2
LH:0
BRF:0
BRH:0
end_of_record
TN:
SF:src/icons/generate-icons.ts
FN:4,(anonymous_0)
FN:24,(anonymous_1)
FNF:2
FNH:0
FNDA:0,(anonymous_0)
FNDA:0,(anonymous_1)
DA:4,0
DA:5,0
DA:6,0
DA:7,0
DA:8,0
DA:9,0
DA:12,0
DA:13,0
DA:14,0
DA:15,0
DA:16,0
DA:17,0
DA:18,0
DA:20,0
DA:23,0
DA:24,0
DA:25,0
DA:26,0
DA:27,0
LF:19
LH:0
BRDA:9,0,0,0
BRDA:26,1,0,0
BRF:2
BRH:0
end_of_record
TN:
SF:src/services/dom-extractor.ts
FN:15,isUserNotificationType
FN:39,(anonymous_1)
FN:56,(anonymous_2)
FN:114,(anonymous_3)
FN:126,(anonymous_4)
FN:156,(anonymous_5)
FNF:6
FNH:6
FNDA:4,isUserNotificationType
FNDA:5,(anonymous_1)
FNDA:4,(anonymous_2)
FNDA:5,(anonymous_3)
FNDA:5,(anonymous_4)
FNDA:5,(anonymous_5)
DA:16,4
DA:20,1
DA:28,1
DA:40,5
DA:42,5
DA:43,0
DA:47,5
DA:48,5
DA:49,0
DA:53,5
DA:56,4
DA:60,5
DA:61,5
DA:62,2
DA:66,3
DA:68,0
DA:69,0
DA:73,3
DA:74,3
DA:75,0
DA:76,0
DA:79,3
DA:93,0
DA:94,0
DA:99,5
DA:102,5
DA:103,0
DA:105,5
DA:106,0
DA:108,5
DA:109,0
DA:113,5
DA:115,5
DA:116,5
DA:119,5
DA:120,1
DA:121,1
DA:125,4
DA:127,5
DA:128,5
DA:130,5
DA:131,5
DA:133,4
DA:134,4
DA:136,4
DA:137,4
DA:138,4
DA:139,4
DA:141,4
DA:142,0
DA:145,4
DA:157,5
DA:158,4
DA:161,4
DA:164,4
DA:165,1
DA:168,3
DA:178,4
DA:179,4
DA:180,2
DA:181,2
DA:182,2
DA:187,4
DA:188,4
DA:189,4
DA:193,0
DA:194,0
DA:195,0
DA:196,0
DA:197,0
DA:198,0
DA:202,0
LF:72
LH:53
BRDA:16,0,0,4
BRDA:16,0,1,2
BRDA:42,1,0,0
BRDA:48,2,0,0
BRDA:61,3,0,2
BRDA:66,4,0,0
BRDA:66,5,0,3
BRDA:66,5,1,1
BRDA:74,6,0,0
BRDA:87,7,0,1
BRDA:87,7,1,2
BRDA:99,8,0,5
BRDA:99,8,1,0
BRDA:102,9,0,0
BRDA:105,10,0,0
BRDA:108,11,0,0
BRDA:116,12,0,5
BRDA:116,12,1,5
BRDA:119,13,0,1
BRDA:128,14,0,0
BRDA:131,15,0,1
BRDA:134,16,0,0
BRDA:136,17,0,4
BRDA:136,17,1,0
BRDA:139,18,0,2
BRDA:139,18,1,2
BRDA:141,19,0,0
BRDA:157,20,0,1
BRDA:158,21,0,2
BRDA:158,21,1,2
BRDA:164,22,0,1
BRDA:169,23,0,1
BRDA:169,23,1,2
BRDA:179,24,0,2
BRDA:180,25,0,0
BRDA:181,26,0,0
BRDA:188,27,0,4
BRDA:197,28,0,0
BRDA:197,29,0,0
BRDA:197,29,1,0
BRDA:197,29,2,0
BRF:41
BRH:23
end_of_record
TN:
SF:src/services/profile-analyzer.ts
FN:23,(anonymous_0)
FNF:1
FNH:1
FNDA:1,(anonymous_0)
DA:4,1
DA:13,1
DA:24,1
DA:26,1
DA:27,0
DA:30,1
DA:31,1
DA:34,1
DA:35,1
DA:36,0
DA:37,0
DA:39,1
DA:40,0
DA:41,0
DA:43,1
DA:44,0
DA:45,0
DA:47,1
DA:48,0
DA:49,0
DA:51,1
DA:52,0
DA:53,0
DA:55,1
DA:56,0
DA:57,0
DA:61,1
DA:62,0
DA:63,0
DA:66,1
DA:72,1
DA:74,0
DA:75,0
LF:33
LH:16
BRDA:26,0,0,0
BRDA:35,1,0,0
BRDA:39,2,0,0
BRDA:43,3,0,0
BRDA:47,4,0,0
BRDA:51,5,0,0
BRDA:55,6,0,0
BRDA:61,7,0,0
BRDA:61,8,0,1
BRDA:61,8,1,0
BRF:10
BRH:1
end_of_record
TN:
SF:src/services/storage.ts
FN:7,(anonymous_0)
FN:13,(anonymous_1)
FN:18,(anonymous_2)
FN:24,(anonymous_3)
FN:34,(anonymous_4)
FN:35,(anonymous_5)
FN:40,(anonymous_6)
FN:41,(anonymous_7)
FN:42,(anonymous_8)
FN:52,(anonymous_9)
FN:53,(anonymous_10)
FNF:11
FNH:9
FNDA:1,(anonymous_0)
FNDA:2,(anonymous_1)
FNDA:2,(anonymous_2)
FNDA:2,(anonymous_3)
FNDA:0,(anonymous_4)
FNDA:0,(anonymous_5)
FNDA:5,(anonymous_6)
FNDA:5,(anonymous_7)
FNDA:5,(anonymous_8)
FNDA:3,(anonymous_9)
FNDA:3,(anonymous_10)
DA:4,5
DA:5,5
DA:8,1
DA:9,1
DA:10,1
DA:14,2
DA:15,2
DA:19,2
DA:20,2
DA:21,2
DA:24,2
DA:25,2
DA:26,2
DA:27,1
DA:31,2
DA:35,0
DA:36,0
DA:41,5
DA:42,5
DA:43,5
DA:53,3
DA:54,3
LF:22
LH:20
BRDA:15,0,0,2
BRDA:15,0,1,1
BRDA:26,1,0,1
BRDA:26,2,0,2
BRDA:26,2,1,2
BRDA:44,3,0,5
BRDA:44,3,1,0
BRDA:44,4,0,5
BRDA:44,4,1,5
BRDA:44,4,2,5
BRF:10
BRH:9
end_of_record
TN:
SF:src/services/ui-manager.ts
FN:13,(anonymous_0)
FN:23,(anonymous_1)
FN:28,(anonymous_2)
FN:32,(anonymous_3)
FN:36,(anonymous_4)
FNF:5
FNH:0
FNDA:0,(anonymous_0)
FNDA:0,(anonymous_1)
FNDA:0,(anonymous_2)
FNDA:0,(anonymous_3)
FNDA:0,(anonymous_4)
DA:14,0
DA:15,0
DA:16,0
DA:17,0
DA:20,0
DA:23,0
DA:24,0
DA:29,0
DA:33,0
DA:37,0
LF:10
LH:0
BRF:0
BRH:0
end_of_record
TN:
SF:src/services/ui/style-manager.ts
FN:8,(anonymous_0)
FN:20,(anonymous_1)
FNF:2
FNH:2
FNDA:3,(anonymous_0)
FNDA:2,(anonymous_1)
DA:5,5
DA:6,5
DA:9,3
DA:11,3
DA:12,3
DA:13,3
DA:14,3
DA:16,0
DA:17,0
DA:21,2
DA:22,2
DA:23,1
DA:24,1
DA:25,1
DA:26,1
DA:27,1
DA:29,1
DA:30,1
DA:31,1
DA:32,1
DA:33,1
LF:21
LH:19
BRDA:9,0,0,0
BRDA:22,1,0,1
BRDA:22,1,1,1
BRF:3
BRH:2
end_of_record
TN:
SF:src/services/ui/theme-manager.ts
FN:7,(anonymous_0)
FN:11,(anonymous_1)
FN:15,(anonymous_2)
FN:21,(anonymous_3)
FN:23,(anonymous_4)
FN:24,(anonymous_5)
FN:44,(anonymous_6)
FN:45,(anonymous_7)
FNF:8
FNH:8
FNDA:7,(anonymous_0)
FNDA:18,(anonymous_1)
FNDA:5,(anonymous_2)
FNDA:7,(anonymous_3)
FNDA:4,(anonymous_4)
FNDA:4,(anonymous_5)
FNDA:10,(anonymous_6)
FNDA:4,(anonymous_7)
DA:5,7
DA:8,7
DA:12,18
DA:16,5
DA:18,5
DA:23,7
DA:24,4
DA:25,4
DA:29,3
DA:30,3
DA:35,7
DA:41,7
DA:45,10
LF:13
LH:13
BRDA:25,0,0,3
BRDA:26,1,0,4
BRDA:26,1,1,4
BRF:3
BRH:3
end_of_record
TN:
SF:src/services/ui/components/summary-panel.ts
FN:12,(anonymous_0)
FN:16,(anonymous_1)
FN:22,(anonymous_2)
FN:26,(anonymous_3)
FN:61,(anonymous_4)
FN:73,(anonymous_5)
FN:80,(anonymous_6)
FNF:7
FNH:6
FNDA:7,(anonymous_0)
FNDA:7,(anonymous_1)
FNDA:0,(anonymous_2)
FNDA:12,(anonymous_3)
FNDA:2,(anonymous_4)
FNDA:3,(anonymous_5)
FNDA:5,(anonymous_6)
DA:8,7
DA:9,7
DA:10,7
DA:13,7
DA:17,7
DA:19,7
DA:20,7
DA:21,7
DA:22,7
DA:27,12
DA:28,12
DA:30,12
DA:49,12
DA:50,12
DA:53,12
DA:54,12
DA:55,5
DA:56,5
DA:57,5
DA:62,2
DA:64,1
DA:65,1
DA:66,1
DA:68,1
DA:69,1
DA:70,1
DA:74,3
DA:76,2
DA:77,2
DA:81,5
LF:30
LH:30
BRDA:19,0,0,7
BRDA:19,1,0,7
BRDA:19,1,1,7
BRDA:50,2,0,2
BRDA:50,2,1,10
BRDA:54,3,0,5
BRDA:62,4,0,1
BRDA:68,5,0,1
BRDA:69,6,0,1
BRDA:70,7,0,1
BRDA:74,8,0,1
BRDA:77,9,0,1
BRDA:77,9,1,1
BRF:13
BRH:13
end_of_record
TN:
SF:src/services/ui/components/warning-indicator.ts
FN:7,(anonymous_0)
FN:35,(anonymous_1)
FN:42,(anonymous_2)
FN:50,(anonymous_3)
FN:58,(anonymous_4)
FN:66,(anonymous_5)
FN:70,(anonymous_6)
FNF:7
FNH:7
FNDA:9,(anonymous_0)
FNDA:11,(anonymous_1)
FNDA:9,(anonymous_2)
FNDA:9,(anonymous_3)
FNDA:9,(anonymous_4)
FNDA:9,(anonymous_5)
FNDA:9,(anonymous_6)
DA:4,9
DA:5,9
DA:9,9
DA:12,9
DA:13,9
DA:14,9
DA:17,9
DA:20,9
DA:23,9
DA:25,8
DA:27,8
DA:30,1
DA:31,1
DA:36,11
DA:37,11
DA:38,2
DA:43,9
DA:51,9
DA:59,9
DA:67,9
DA:68,9
DA:69,9
DA:70,9
DA:73,9
LF:24
LH:24
BRDA:20,0,0,9
BRDA:20,0,1,1
BRDA:23,1,0,8
BRDA:23,1,1,1
BRDA:37,2,0,2
BRDA:43,3,0,6
BRDA:43,3,1,3
BRDA:45,4,0,1
BRDA:45,4,1,2
BRDA:51,5,0,6
BRDA:51,5,1,3
BRDA:53,6,0,1
BRDA:53,6,1,2
BRDA:59,7,0,6
BRDA:59,7,1,3
BRDA:61,8,0,1
BRDA:61,8,1,2
BRDA:69,9,0,7
BRDA:69,9,1,2
BRF:19
BRH:19
end_of_record
TN:
SF:src/types/profile.ts
FNF:0
FNH:0
DA:6,3
DA:13,3
LF:2
LH:2
BRF:0
BRH:0
end_of_record
